[2019-03-06 09:58:50] local.DEBUG: Request Url: http://iu.test/blog/topics/6/i-like-you-best
[2019-03-06 09:58:50] local.DEBUG: Request Method: GET
[2019-03-06 09:58:50] local.DEBUG: Request Params: 

[2019-03-06 09:58:50] local.DEBUG: Response Success: {"code":0,"message":"success","data":{"id":6,"title":"我最喜欢你","body":"二四六七八","user_id":1,"category_id":3,"reply_count":0,"view_count":0,"last_reply_user_id":0,"order":0,"excerpt":"二四六七八","slug":"i-like-you-best","created_at":"2019-02-28 16:14:26","updated_at":"2019-02-28 16:14:26"}}

[2019-03-06 09:59:54] local.ERROR: Response Error: {"id":"392cf723374bb1a213892ba2f6b97479","code":404,"status":500,"message":"Class 'App\\Providers\\DB' not found","error":"ERROR"}

[2019-03-06 10:00:18] local.DEBUG: Request Url: http://iu.test/blog/topics/6/i-like-you-best
[2019-03-06 10:00:18] local.DEBUG: Request Method: GET
[2019-03-06 10:00:18] local.DEBUG: Request Params: 

[2019-03-06 10:00:18] local.DEBUG: Response Success: {"code":0,"message":"success","data":{"id":6,"title":"我最喜欢你","body":"二四六七八","user_id":1,"category_id":3,"reply_count":0,"view_count":0,"last_reply_user_id":0,"order":0,"excerpt":"二四六七八","slug":"i-like-you-best","created_at":"2019-02-28 16:14:26","updated_at":"2019-02-28 16:14:26"}}

[2019-03-06 14:43:25] local.DEBUG: Request Url: http://iu.test/blog/topics
[2019-03-06 14:43:25] local.DEBUG: Request Method: POST
[2019-03-06 14:43:25] local.DEBUG: Request Params: {"title":"我最喜欢你","body":"二四六七八","category_id":"3"}

[2019-03-06 14:43:25] local.ERROR: Response Error: {"id":"098b496a9613ed71421b86ac14ccf884","code":404,"status":500,"message":"Class 'App\\Models\\User' not found","error":"ERROR"}

[2019-03-06 14:44:35] local.DEBUG: Request Url: http://iu.test/blog/topics
[2019-03-06 14:44:35] local.DEBUG: Request Method: POST
[2019-03-06 14:44:35] local.DEBUG: Request Params: {"title":"我最喜欢你","body":"二四六七八","category_id":"3"}

[2019-03-06 14:44:36] local.ERROR: Response Error: {"id":"8471bca2aafbace0c94870cdab9b4c92","code":404,"status":500,"message":"Class 'App\\Models\\User' not found","error":"ERROR"}

[2019-03-06 14:44:57] local.DEBUG: Request Url: http://iu.test/blog/topics
[2019-03-06 14:44:57] local.DEBUG: Request Method: POST
[2019-03-06 14:44:57] local.DEBUG: Request Params: {"title":"我最喜欢你","body":"二四六七八","category_id":"3"}

[2019-03-06 14:45:38] local.DEBUG: Request Url: http://iu.test/blog/topics
[2019-03-06 14:45:38] local.DEBUG: Request Method: POST
[2019-03-06 14:45:38] local.DEBUG: Request Params: {"title":"我最喜欢你","body":"二四六七八","category_id":"3"}

[2019-03-06 14:45:38] local.ERROR: Response Error: {"id":"985a69089db82ace1a724e1cc52c7ec5","code":-1,"status":500,"message":"Class Overtrue\\Pinyin\\Pinyin does not exist","error":"ERROR"}

[2019-03-06 14:47:02] local.DEBUG: Request Url: http://iu.test/blog/topics
[2019-03-06 14:47:02] local.DEBUG: Request Method: POST
[2019-03-06 14:47:02] local.DEBUG: Request Params: {"title":"我最喜欢你","body":"二四六七八","category_id":"3"}

[2019-03-06 14:47:02] local.ERROR: Response Error: {"id":"35b5d8877d718cd2ad171eca21be6602","code":-1,"status":500,"message":"Class Overtrue\\Pinyin\\Pinyin does not exist","error":"ERROR"}

[2019-03-06 14:47:04] local.DEBUG: Request Url: http://iu.test/blog/topics
[2019-03-06 14:47:04] local.DEBUG: Request Method: POST
[2019-03-06 14:47:04] local.DEBUG: Request Params: {"title":"我最喜欢你","body":"二四六七八","category_id":"3"}

[2019-03-06 14:47:04] local.ERROR: Response Error: {"id":"d7e35da44e48d5397c5e13e19101cd1b","code":-1,"status":500,"message":"Class Overtrue\\Pinyin\\Pinyin does not exist","error":"ERROR"}

[2019-03-06 14:47:05] local.DEBUG: Request Url: http://iu.test/blog/topics
[2019-03-06 14:47:05] local.DEBUG: Request Method: POST
[2019-03-06 14:47:05] local.DEBUG: Request Params: {"title":"我最喜欢你","body":"二四六七八","category_id":"3"}

[2019-03-06 14:47:05] local.ERROR: Response Error: {"id":"71f2439ccc7ae16acaf97b8c8e005a5d","code":-1,"status":500,"message":"Class Overtrue\\Pinyin\\Pinyin does not exist","error":"ERROR"}

[2019-03-06 15:04:57] local.DEBUG: Request Url: http://iu.test/blog/topics
[2019-03-06 15:04:57] local.DEBUG: Request Method: POST
[2019-03-06 15:04:57] local.DEBUG: Request Params: {"title":"我最喜欢你","body":"二四六七八","category_id":"3"}

[2019-03-06 15:04:57] local.ERROR: Response Error: {"id":"5bfc82afd46f6ae22fd7e13427c2b7bc","code":-1,"status":500,"message":"Class Overtrue\\Pinyin\\Pinyin does not exist","error":"ERROR"}

[2019-03-06 15:07:10] local.DEBUG: Request Url: http://iu.test/blog/topics
[2019-03-06 15:07:10] local.DEBUG: Request Method: POST
[2019-03-06 15:07:10] local.DEBUG: Request Params: {"title":"我最喜欢你","body":"二四六七八","category_id":"3"}

[2019-03-06 15:07:11] local.DEBUG: Response Success: {"code":0,"message":"success","data":{"title":"我最喜欢你","body":"二四六七八","category_id":"3","user_id":1,"excerpt":"二四六七八","updated_at":"2019-03-06 15:07:11","created_at":"2019-03-06 15:07:11","id":15}}

[2019-03-06 15:08:23] local.DEBUG: Request Url: http://iu.test/blog/topics
[2019-03-06 15:08:23] local.DEBUG: Request Method: POST
[2019-03-06 15:08:23] local.DEBUG: Request Params: {"title":"我最喜欢你","body":"二四六七八","category_id":"3"}

[2019-03-06 15:08:23] local.DEBUG: Response Success: {"code":0,"message":"success","data":{"title":"我最喜欢你","body":"二四六七八","category_id":"3","user_id":1,"excerpt":"二四六七八","updated_at":"2019-03-06 15:08:23","created_at":"2019-03-06 15:08:23","id":16}}

[2019-03-06 15:12:48] local.DEBUG: Request Url: http://iu.test/blog/topics
[2019-03-06 15:12:48] local.DEBUG: Request Method: POST
[2019-03-06 15:12:48] local.DEBUG: Request Params: {"title":"我最喜欢你","body":"二四六七八","category_id":"3"}

[2019-03-06 15:12:49] local.DEBUG: Response Success: {"code":0,"message":"success","data":{"title":"我最喜欢你","body":"二四六七八","category_id":"3","user_id":1,"excerpt":"二四六七八","updated_at":"2019-03-06 15:12:48","created_at":"2019-03-06 15:12:48","id":17}}

[2019-03-06 15:52:41] local.DEBUG: Request Url: http://iu.test/blog/topics
[2019-03-06 15:52:41] local.DEBUG: Request Method: POST
[2019-03-06 15:52:41] local.DEBUG: Request Params: {"title":"我最喜欢你","body":"二四六七八","category_id":"3"}

[2019-03-06 15:52:41] local.DEBUG: Response Success: {"code":0,"message":"success","data":{"title":"我最喜欢你","body":"二四六七八","category_id":"3","user_id":1,"excerpt":"二四六七八","updated_at":"2019-03-06 15:52:41","created_at":"2019-03-06 15:52:41","id":18}}

