[2019-03-06 10:00:18] local.DEBUG: sql: "select * from `blog_topics` where `id` = 6 limit 1"
[2019-03-06 10:00:18] local.DEBUG: sql.time: 21.16

[2019-03-06 14:44:57] local.DEBUG: sql: "select * from `users` limit 1"
[2019-03-06 14:44:57] local.DEBUG: sql.time: 347.64

[2019-03-06 14:44:57] local.DEBUG: sql: "insert into `blog_topics` (`title`, `body`, `category_id`, `user_id`, `excerpt`, `updated_at`, `created_at`) values (我最喜欢你, 二四六七八, 3, 1, 二四六七八, 2019-03-06 14:44:57, 2019-03-06 14:44:57)"
[2019-03-06 14:44:57] local.DEBUG: sql.time: 45.93

[2019-03-06 14:44:57] local.DEBUG: sql: "select * from `blog_topics` where `blog_topics`.`id` = 9 limit 1"
[2019-03-06 14:44:57] local.DEBUG: sql.time: 14.78

[2019-03-06 14:44:57] local.DEBUG: sql: "select * from `blog_topics` where `blog_topics`.`id` = 9 limit 1"
[2019-03-06 14:44:57] local.DEBUG: sql.time: 1.22

[2019-03-06 14:45:38] local.DEBUG: sql: "select * from `users` limit 1"
[2019-03-06 14:45:38] local.DEBUG: sql.time: 38.9

[2019-03-06 14:45:38] local.DEBUG: sql: "insert into `blog_topics` (`title`, `body`, `category_id`, `user_id`, `excerpt`, `updated_at`, `created_at`) values (我最喜欢你, 二四六七八, 3, 1, 二四六七八, 2019-03-06 14:45:38, 2019-03-06 14:45:38)"
[2019-03-06 14:45:38] local.DEBUG: sql.time: 17.67

[2019-03-06 14:45:38] local.DEBUG: sql: "select * from `blog_topics` where `blog_topics`.`id` = 10 limit 1"
[2019-03-06 14:45:38] local.DEBUG: sql.time: 1.25

[2019-03-06 14:45:38] local.DEBUG: sql: "select * from `blog_topics` where `blog_topics`.`id` = 10 limit 1"
[2019-03-06 14:45:38] local.DEBUG: sql.time: 1.65

[2019-03-06 14:47:02] local.DEBUG: sql: "select * from `users` limit 1"
[2019-03-06 14:47:02] local.DEBUG: sql.time: 15.46

[2019-03-06 14:47:02] local.DEBUG: sql: "insert into `blog_topics` (`title`, `body`, `category_id`, `user_id`, `excerpt`, `updated_at`, `created_at`) values (我最喜欢你, 二四六七八, 3, 1, 二四六七八, 2019-03-06 14:47:02, 2019-03-06 14:47:02)"
[2019-03-06 14:47:02] local.DEBUG: sql.time: 11.53

[2019-03-06 14:47:02] local.DEBUG: sql: "select * from `blog_topics` where `blog_topics`.`id` = 11 limit 1"
[2019-03-06 14:47:02] local.DEBUG: sql.time: 1.44

[2019-03-06 14:47:02] local.DEBUG: sql: "select * from `blog_topics` where `blog_topics`.`id` = 11 limit 1"
[2019-03-06 14:47:02] local.DEBUG: sql.time: 0.52

[2019-03-06 14:47:04] local.DEBUG: sql: "select * from `users` limit 1"
[2019-03-06 14:47:04] local.DEBUG: sql.time: 16.23

[2019-03-06 14:47:04] local.DEBUG: sql: "insert into `blog_topics` (`title`, `body`, `category_id`, `user_id`, `excerpt`, `updated_at`, `created_at`) values (我最喜欢你, 二四六七八, 3, 1, 二四六七八, 2019-03-06 14:47:04, 2019-03-06 14:47:04)"
[2019-03-06 14:47:04] local.DEBUG: sql.time: 9.37

[2019-03-06 14:47:04] local.DEBUG: sql: "select * from `blog_topics` where `blog_topics`.`id` = 12 limit 1"
[2019-03-06 14:47:04] local.DEBUG: sql.time: 0.74

[2019-03-06 14:47:04] local.DEBUG: sql: "select * from `blog_topics` where `blog_topics`.`id` = 12 limit 1"
[2019-03-06 14:47:04] local.DEBUG: sql.time: 1.38

[2019-03-06 14:47:05] local.DEBUG: sql: "select * from `users` limit 1"
[2019-03-06 14:47:05] local.DEBUG: sql.time: 10.22

[2019-03-06 14:47:05] local.DEBUG: sql: "insert into `blog_topics` (`title`, `body`, `category_id`, `user_id`, `excerpt`, `updated_at`, `created_at`) values (我最喜欢你, 二四六七八, 3, 1, 二四六七八, 2019-03-06 14:47:05, 2019-03-06 14:47:05)"
[2019-03-06 14:47:05] local.DEBUG: sql.time: 7.77

[2019-03-06 14:47:05] local.DEBUG: sql: "select * from `blog_topics` where `blog_topics`.`id` = 13 limit 1"
[2019-03-06 14:47:05] local.DEBUG: sql.time: 1.38

[2019-03-06 14:47:05] local.DEBUG: sql: "select * from `blog_topics` where `blog_topics`.`id` = 13 limit 1"
[2019-03-06 14:47:05] local.DEBUG: sql.time: 0.52

[2019-03-06 15:04:57] local.DEBUG: sql: "select * from `users` limit 1"
[2019-03-06 15:04:57] local.DEBUG: sql.time: 12.14

[2019-03-06 15:04:57] local.DEBUG: sql: "insert into `blog_topics` (`title`, `body`, `category_id`, `user_id`, `excerpt`, `updated_at`, `created_at`) values (我最喜欢你, 二四六七八, 3, 1, 二四六七八, 2019-03-06 15:04:57, 2019-03-06 15:04:57)"
[2019-03-06 15:04:57] local.DEBUG: sql.time: 34.3

[2019-03-06 15:04:57] local.DEBUG: sql: "select * from `blog_topics` where `blog_topics`.`id` = 14 limit 1"
[2019-03-06 15:04:57] local.DEBUG: sql.time: 1.37

[2019-03-06 15:04:57] local.DEBUG: sql: "select * from `blog_topics` where `blog_topics`.`id` = 14 limit 1"
[2019-03-06 15:04:57] local.DEBUG: sql.time: 0.42

[2019-03-06 15:07:11] local.DEBUG: sql: "select * from `users` limit 1"
[2019-03-06 15:07:11] local.DEBUG: sql.time: 18.42

[2019-03-06 15:07:11] local.DEBUG: sql: "insert into `blog_topics` (`title`, `body`, `category_id`, `user_id`, `excerpt`, `updated_at`, `created_at`) values (我最喜欢你, 二四六七八, 3, 1, 二四六七八, 2019-03-06 15:07:11, 2019-03-06 15:07:11)"
[2019-03-06 15:07:11] local.DEBUG: sql.time: 32.85

[2019-03-06 15:07:11] local.DEBUG: sql: "select * from `blog_topics` where `blog_topics`.`id` = 15 limit 1"
[2019-03-06 15:07:11] local.DEBUG: sql.time: 2.46

[2019-03-06 15:07:11] local.DEBUG: sql: "update `blog_topics` set `slug` = wo-zui-xi-huan-ni where `id` = 15"
[2019-03-06 15:07:11] local.DEBUG: sql.time: 34.45

[2019-03-06 15:08:23] local.DEBUG: sql: "select * from `users` limit 1"
[2019-03-06 15:08:23] local.DEBUG: sql.time: 24.71

[2019-03-06 15:08:23] local.DEBUG: sql: "insert into `blog_topics` (`title`, `body`, `category_id`, `user_id`, `excerpt`, `updated_at`, `created_at`) values (我最喜欢你, 二四六七八, 3, 1, 二四六七八, 2019-03-06 15:08:23, 2019-03-06 15:08:23)"
[2019-03-06 15:08:23] local.DEBUG: sql.time: 33.8

[2019-03-06 15:12:48] local.DEBUG: sql: "select * from `users` limit 1"
[2019-03-06 15:12:48] local.DEBUG: sql.time: 9.45

[2019-03-06 15:12:48] local.DEBUG: sql: "insert into `blog_topics` (`title`, `body`, `category_id`, `user_id`, `excerpt`, `updated_at`, `created_at`) values (我最喜欢你, 二四六七八, 3, 1, 二四六七八, 2019-03-06 15:12:48, 2019-03-06 15:12:48)"
[2019-03-06 15:12:48] local.DEBUG: sql.time: 18.18

[2019-03-06 15:12:48] local.DEBUG: sql: "select * from `blog_topics` where `blog_topics`.`id` = 17 limit 1"
[2019-03-06 15:12:48] local.DEBUG: sql.time: 1.79

[2019-03-06 15:12:49] local.DEBUG: sql: "update `blog_topics` set `slug` = i-like-you-best where `id` = 17"
[2019-03-06 15:12:49] local.DEBUG: sql.time: 4.36

[2019-03-06 15:52:41] local.DEBUG: sql: "select * from `users` limit 1"
[2019-03-06 15:52:41] local.DEBUG: sql.time: 216.08

[2019-03-06 15:52:41] local.DEBUG: sql: "insert into `blog_topics` (`title`, `body`, `category_id`, `user_id`, `excerpt`, `updated_at`, `created_at`) values (我最喜欢你, 二四六七八, 3, 1, 二四六七八, 2019-03-06 15:52:41, 2019-03-06 15:52:41)"
[2019-03-06 15:52:41] local.DEBUG: sql.time: 47.07

