[2019-03-04 15:34:30] local.DEBUG: Request Url: http://iu.test/blog/doc/index
[2019-03-04 15:34:30] local.DEBUG: Request Method: GET
[2019-03-04 15:34:30] local.DEBUG: Request Params: 

[2019-03-04 15:34:33] local.DEBUG: Request Url: http://iu.test/blog/doc/index
[2019-03-04 15:34:33] local.DEBUG: Request Method: GET
[2019-03-04 15:34:33] local.DEBUG: Request Params: 

[2019-03-04 15:43:40] local.DEBUG: Request Url: http://iu.test/blog/topics
[2019-03-04 15:43:40] local.DEBUG: Request Method: GET
[2019-03-04 15:43:40] local.DEBUG: Request Params: 

[2019-03-04 15:43:41] local.DEBUG: Response Success: {"code":0,"message":"success","data":[{"id":1,"title":"门前大桥下","body":"二四六七八","user_id":1,"category_id":3,"reply_count":0,"view_count":0,"last_reply_user_id":0,"order":0,"excerpt":"二四六七八","slug":null,"created_at":"2019-02-28 16:04:13","updated_at":"2019-02-28 16:04:13"},{"id":2,"title":"门前大桥下","body":"二四六七八","user_id":1,"category_id":3,"reply_count":0,"view_count":0,"last_reply_user_id":0,"order":0,"excerpt":"二四六七八","slug":null,"created_at":"2019-02-28 16:04:40","updated_at":"2019-02-28 16:04:40"},{"id":3,"title":"门前大桥下","body":"二四六七八","user_id":1,"category_id":3,"reply_count":0,"view_count":0,"last_reply_user_id":0,"order":0,"excerpt":"二四六七八","slug":null,"created_at":"2019-02-28 16:06:24","updated_at":"2019-02-28 16:06:24"},{"id":4,"title":"门前大桥下","body":"二四六七八","user_id":1,"category_id":3,"reply_count":0,"view_count":0,"last_reply_user_id":0,"order":0,"excerpt":"二四六七八","slug":"under-the-menqian-bridge","created_at":"2019-02-28 16:07:24","updated_at":"2019-02-28 16:07:24"},{"id":5,"title":"我最喜欢你","body":"二四六七八","user_id":1,"category_id":3,"reply_count":0,"view_count":0,"last_reply_user_id":0,"order":0,"excerpt":"二四六七八","slug":"i-like-you-best","created_at":"2019-02-28 16:07:46","updated_at":"2019-02-28 16:07:46"},{"id":6,"title":"我最喜欢你","body":"二四六七八","user_id":1,"category_id":3,"reply_count":0,"view_count":0,"last_reply_user_id":0,"order":0,"excerpt":"二四六七八","slug":"i-like-you-best","created_at":"2019-02-28 16:14:26","updated_at":"2019-02-28 16:14:26"},{"id":7,"title":"怎么爱一个人","body":"二四六七八","user_id":1,"category_id":3,"reply_count":0,"view_count":0,"last_reply_user_id":0,"order":0,"excerpt":"二四六七八","slug":"how-to-love-a-person","created_at":"2019-02-28 16:16:49","updated_at":"2019-02-28 16:16:49"}],"meta":{"total":7,"per_page":15,"current_page":1,"last_page":1}}

[2019-03-04 15:43:47] local.DEBUG: Request Url: http://iu.test/blog/doc/index
[2019-03-04 15:43:47] local.DEBUG: Request Method: GET
[2019-03-04 15:43:47] local.DEBUG: Request Params: 

[2019-03-04 15:45:30] local.DEBUG: Request Url: http://iu.test/blog/log
[2019-03-04 15:45:30] local.DEBUG: Request Method: GET
[2019-03-04 15:45:30] local.DEBUG: Request Params: 

[2019-03-04 16:02:09] local.DEBUG: Request Url: http://iu.test/blog/log
[2019-03-04 16:02:09] local.DEBUG: Request Method: GET
[2019-03-04 16:02:09] local.DEBUG: Request Params: 

[2019-03-04 16:27:57] local.DEBUG: Request Url: http://iu.test/blog/topics
[2019-03-04 16:27:57] local.DEBUG: Request Method: GET
[2019-03-04 16:27:57] local.DEBUG: Request Params: 

[2019-03-04 16:27:57] local.ERROR: Response Error: {"id":"9977c9aa1fab63b4b45414c940ae5609","code":500,"status":500,"message":"ert","error":"ERROR"}

[2019-03-04 16:28:04] local.DEBUG: Request Url: http://iu.test/blog/log
[2019-03-04 16:28:04] local.DEBUG: Request Method: GET
[2019-03-04 16:28:04] local.DEBUG: Request Params: 

[2019-03-04 16:28:30] local.DEBUG: Request Url: http://iu.test/blog/topics
[2019-03-04 16:28:30] local.DEBUG: Request Method: GET
[2019-03-04 16:28:30] local.DEBUG: Request Params: 

[2019-03-04 16:28:30] local.ERROR: Response Error: {"id":"7488207fc5b524f0d9e3963f7f810bea","code":422,"status":500,"message":"ert","error":"ERROR"}

[2019-03-04 16:28:40] local.DEBUG: Request Url: http://iu.test/blog/topics
[2019-03-04 16:28:40] local.DEBUG: Request Method: GET
[2019-03-04 16:28:40] local.DEBUG: Request Params: 

[2019-03-04 16:28:40] local.ERROR: Response Error: {"id":"6d184f4170779d423d9da288ddcd6e71","code":404,"status":500,"message":"Use of undefined constant rty - assumed 'rty'","error":"ERROR"}

[2019-03-04 16:28:57] local.DEBUG: Request Url: http://iu.test/blog/topics
[2019-03-04 16:28:57] local.DEBUG: Request Method: GET
[2019-03-04 16:28:57] local.DEBUG: Request Params: 

[2019-03-04 16:28:57] local.ERROR: Response Error: {"id":"afc22b87d02cbe8a4bb5e67977160d57","code":422,"status":500,"message":"ert","error":"ERROR","data":["rty","tyu"]}

[2019-03-04 16:29:15] local.DEBUG: Request Url: http://iu.test/blog/topics
[2019-03-04 16:29:15] local.DEBUG: Request Method: GET
[2019-03-04 16:29:15] local.DEBUG: Request Params: 

[2019-03-04 16:29:15] local.ERROR: Response Error: {"id":"82cf340d1d5f6e9e3734d34cc5e8e372","code":403,"status":500,"message":"ert","error":"ERROR","data":["rty","678"]}

[2019-03-04 18:00:20] local.DEBUG: Request Url: http://iu.test/blog/topics
[2019-03-04 18:00:20] local.DEBUG: Request Method: POST
[2019-03-04 18:00:20] local.DEBUG: Request Params: {"title":"我最喜欢你","body":"二四六七八","category_id":"3"}

[2019-03-04 18:00:20] local.DEBUG: Response Success: {"code":0,"message":"success","data":{"title":"我最喜欢你","body":"二四六七八","category_id":"3","user_id":1,"excerpt":"二四六七八","updated_at":"2019-03-04 18:00:20","created_at":"2019-03-04 18:00:20","id":8}}

[2019-03-04 18:00:26] local.DEBUG: Request Url: http://iu.test/blog/topics
[2019-03-04 18:00:26] local.DEBUG: Request Method: POST
[2019-03-04 18:00:26] local.DEBUG: Request Params: {"title":"我最喜欢你","body":"二四六七八"}

[2019-03-04 18:00:26] local.ERROR: Response Error: {"id":"4639d3731458855fe8c5f8464dc0e9a4","code":422,"status":500,"message":"The category id field is required.","error":"ERROR"}

